Loaded /home/narmstrong/projects/amlogic/openlinux/media_modules/firmware/video_ucode.bin: 1671680 bytes
gxl_vc1.bin ; vc1 ; gxl ; 16896
Name: gxl_vc1.bin
CPU: gxl
Format: vc1
Version: v0.1.dcbf5f2.If40babc
Author: shihong.zheng
Date: Thu Jun  6 20:31:34 2019
Size: 16384
RealSize: 13176 (00003378)

Name: g12a_vc1.bin
CPU: g12a
Format: vc1
Version: v0.1.dcbf5f2.If40babc
Author: shihong.zheng
Date: Thu Jun  6 20:31:34 2019
Size: 16384
RealSize: 13228 (000033AC)

Name: sm1_vc1.bin
CPU: sm1
Format: vc1
Version: v0.1.dcbf5f2.If40babc
Author: shihong.zheng
Date: Thu Jun  6 20:31:34 2019
Size: 16384
RealSize: 13240 (000033B8)

Name: tm2_vc1.bin
CPU: tm2
Format: vc1
Version: v0.1.dcbf5f2.If40babc
Author: shihong.zheng
Date: Thu Jun  6 20:31:34 2019
Size: 16384
RealSize: 13240 (000033B8)

Name: tl1_vc1.bin
CPU: tl1
Format: vc1
Version: v0.1.dcbf5f2.If40babc
Author: shihong.zheng
Date: Thu Jun  6 20:31:34 2019
Size: 16384
RealSize: 13228 (000033AC)

Name: g12b_mjpeg.bin
CPU: g12b
Format: mjpeg
Version: v0.1.dcbf5f2.If40babc
Author: shihong.zheng
Date: Thu Jun  6 20:31:35 2019
Size: 16384
RealSize: 13459 (00003493)

Name: gxl_mjpeg.bin
CPU: gxl
Format: mjpeg
Version: v0.1.dcbf5f2.If40babc
Author: shihong.zheng
Date: Thu Jun  6 20:31:35 2019
Size: 16384
RealSize: 13459 (00003493)

Name: g12b_mjpeg_multi.bin
CPU: g12b
Format: mjpeg_multi
Version: v0.1.dcbf5f2.If40babc
Author: shihong.zheng
Date: Thu Jun  6 20:31:35 2019
Size: 16384
RealSize: 13459 (00003493)

Name: gxl_mjpeg_multi.bin
CPU: gxl
Format: mjpeg_multi
Version: v0.1.dcbf5f2.If40babc
Author: shihong.zheng
Date: Thu Jun  6 20:31:35 2019
Size: 16384
RealSize: 13459 (00003493)

Name: gxl_h264_multi_mmu.bin
CPU: gxl
Format: h264_multi_mmu
Version: v0.1.dcbf5f2.If40babc
Author: shihong.zheng
Date: Thu Jun  6 20:31:35 2019
Size: 4096
RealSize: 448 (000001C0)

Name: sm1_h264_multi.bin
CPU: sm1
Format: h264_multi
Version: v0.1.dcbf5f2.If40babc
Author: shihong.zheng
Date: Thu Jun  6 20:31:35 2019
Size: 28672
RealSize: 21340 (0000535C)

Name: gxl_h264_multi.bin
CPU: gxl
Format: h264_multi
Version: v0.1.dcbf5f2.If40babc
Author: shihong.zheng
Date: Thu Jun  6 20:31:35 2019
Size: 28672
RealSize: 21332 (00005354)

Name: tm2_h264_multi.bin
CPU: tm2
Format: h264_multi
Version: v0.1.dcbf5f2.If40babc
Author: shihong.zheng
Date: Thu Jun  6 20:31:35 2019
Size: 28672
RealSize: 21340 (0000535C)

Name: gxm_h264_multi.bin
CPU: gxm
Format: h264_multi
Version: v0.1.dcbf5f2.If40babc
Author: shihong.zheng
Date: Thu Jun  6 20:31:35 2019
Size: 28672
RealSize: 21332 (00005354)

Name: g12a_h264_multi_mmu.bin
CPU: g12a
Format: h264_multi_mmu
Version: v0.1.dcbf5f2.If40babc
Author: shihong.zheng
Date: Thu Jun  6 20:31:35 2019
Size: 4096
RealSize: 280 (00000118)

Name: tl1_h264_multi.bin
CPU: tl1
Format: h264_multi
Version: v0.1.dcbf5f2.If40babc
Author: shihong.zheng
Date: Thu Jun  6 20:31:35 2019
Size: 28672
RealSize: 21332 (00005354)

Name: txlx_real_v9.bin
CPU: txlx
Format: real_v9
Version: v0.1.dcbf5f2.If40babc
Author: shihong.zheng
Date: Thu Jun  6 20:31:36 2019
Size: 16384
RealSize: 13236 (000033B4)

Name: tl1_real_v9.bin
CPU: tl1
Format: real_v9
Version: v0.1.dcbf5f2.If40babc
Author: shihong.zheng
Date: Thu Jun  6 20:31:36 2019
Size: 16384
RealSize: 13236 (000033B4)

Name: tm2_real_v8.bin
CPU: tm2
Format: real_v8
Version: v0.1.dcbf5f2.If40babc
Author: shihong.zheng
Date: Thu Jun  6 20:31:36 2019
Size: 16384
RealSize: 13404 (0000345C)

Name: tl1_real_v8.bin
CPU: tl1
Format: real_v8
Version: v0.1.dcbf5f2.If40babc
Author: shihong.zheng
Date: Thu Jun  6 20:31:36 2019
Size: 16384
RealSize: 13404 (0000345C)

Name: tm2_real_v9.bin
CPU: tm2
Format: real_v9
Version: v0.1.dcbf5f2.If40babc
Author: shihong.zheng
Date: Thu Jun  6 20:31:36 2019
Size: 16384
RealSize: 13236 (000033B4)

Name: gxl_real_v8.bin
CPU: gxl
Format: real_v8
Version: v0.1.dcbf5f2.If40babc
Author: shihong.zheng
Date: Thu Jun  6 20:31:35 2019
Size: 16384
RealSize: 13404 (0000345C)

Name: sm1_real_v8.bin
CPU: sm1
Format: real_v8
Version: v0.1.dcbf5f2.If40babc
Author: shihong.zheng
Date: Thu Jun  6 20:31:36 2019
Size: 16384
RealSize: 13404 (0000345C)

Name: gxl_real_v9.bin
CPU: gxl
Format: real_v9
Version: v0.1.dcbf5f2.If40babc
Author: shihong.zheng
Date: Thu Jun  6 20:31:36 2019
Size: 16384
RealSize: 13236 (000033B4)

Name: txlx_real_v8.bin
CPU: txlx
Format: real_v8
Version: v0.1.dcbf5f2.If40babc
Author: shihong.zheng
Date: Thu Jun  6 20:31:36 2019
Size: 16384
RealSize: 13404 (0000345C)

Name: sm1_real_v9.bin
CPU: sm1
Format: real_v9
Version: v0.1.dcbf5f2.If40babc
Author: shihong.zheng
Date: Thu Jun  6 20:31:36 2019
Size: 16384
RealSize: 13236 (000033B4)

Name: gxlx2_avs2_mmu.bin
CPU: gxlx2
Format: avs2_mmu
Version: v0.1.dcbf5f2.If40babc
Author: shihong.zheng
Date: Thu Jun  6 20:31:36 2019
Size: 28672
RealSize: 8444 (000020FC)

Name: g12a_avs2_mmu.bin
CPU: g12a
Format: avs2_mmu
Version: v0.1.dcbf5f2.If40babc
Author: shihong.zheng
Date: Thu Jun  6 20:31:36 2019
Size: 28672
RealSize: 8804 (00002264)

Name: gxl_h263_multi.bin
CPU: gxl
Format: h263_multi
Version: v0.1.dcbf5f2.If40babc
Author: shihong.zheng
Date: Thu Jun  6 20:31:37 2019
Size: 12288
RealSize: 9404 (000024BC)

Name: sm1_h263_multi.bin
CPU: sm1
Format: h263_multi
Version: v0.1.dcbf5f2.If40babc
Author: shihong.zheng
Date: Thu Jun  6 20:31:36 2019
Size: 12288
RealSize: 9404 (000024BC)

Name: tm2_xvid_multi.bin
CPU: tm2
Format: xvid_multi
Version: v0.1.dcbf5f2.If40babc
Author: shihong.zheng
Date: Thu Jun  6 20:31:37 2019
Size: 16384
RealSize: 12783 (000031EF)

Name: tl1_xvid_multi.bin
CPU: tl1
Format: xvid_multi
Version: v0.1.dcbf5f2.If40babc
Author: shihong.zheng
Date: Thu Jun  6 20:31:36 2019
Size: 16384
RealSize: 12783 (000031EF)

Name: gxl_xvid_multi.bin
CPU: gxl
Format: xvid_multi
Version: v0.1.dcbf5f2.If40babc
Author: shihong.zheng
Date: Thu Jun  6 20:31:36 2019
Size: 16384
RealSize: 12783 (000031EF)

Name: tm2_h263_multi.bin
CPU: tm2
Format: h263_multi
Version: v0.1.dcbf5f2.If40babc
Author: shihong.zheng
Date: Thu Jun  6 20:31:37 2019
Size: 12288
RealSize: 9404 (000024BC)

Name: sm1_xvid_multi.bin
CPU: sm1
Format: xvid_multi
Version: v0.1.dcbf5f2.If40babc
Author: shihong.zheng
Date: Thu Jun  6 20:31:36 2019
Size: 16384
RealSize: 12783 (000031EF)

Name: gxl_mpeg12_multi.bin
CPU: gxl
Format: mpeg12_multi
Version: v0.1.dcbf5f2.If40babc
Author: shihong.zheng
Date: Thu Jun  6 20:31:37 2019
Size: 8192
RealSize: 7096 (00001BB8)

Name: sm1_mpeg12_multi.bin
CPU: sm1
Format: mpeg12_multi
Version: v0.1.dcbf5f2.If40babc
Author: shihong.zheng
Date: Thu Jun  6 20:31:37 2019
Size: 8192
RealSize: 7136 (00001BE0)

Name: tl1_mpeg12_multi.bin
CPU: tl1
Format: mpeg12_multi
Version: v0.1.dcbf5f2.If40babc
Author: shihong.zheng
Date: Thu Jun  6 20:31:37 2019
Size: 8192
RealSize: 7096 (00001BB8)

Name: tm2_mpeg12_multi.bin
CPU: tm2
Format: mpeg12_multi
Version: v0.1.dcbf5f2.If40babc
Author: shihong.zheng
Date: Thu Jun  6 20:31:37 2019
Size: 8192
RealSize: 7136 (00001BE0)

Name: tm2_xvid.bin
CPU: tm2
Format: xvid
Version: v0.1.dcbf5f2.If40babc
Author: shihong.zheng
Date: Thu Jun  6 20:31:37 2019
Size: 16384
RealSize: 12783 (000031EF)

Name: tl1_h263.bin
CPU: tl1
Format: h263
Version: v0.1.dcbf5f2.If40babc
Author: shihong.zheng
Date: Thu Jun  6 20:31:37 2019
Size: 12288
RealSize: 9512 (00002528)

Name: gxl_h263.bin
CPU: gxl
Format: h263
Version: v0.1.dcbf5f2.If40babc
Author: shihong.zheng
Date: Thu Jun  6 20:31:37 2019
Size: 12288
RealSize: 9512 (00002528)

Name: tm2_h263.bin
CPU: tm2
Format: h263
Version: v0.1.dcbf5f2.If40babc
Author: shihong.zheng
Date: Thu Jun  6 20:31:37 2019
Size: 12288
RealSize: 9524 (00002534)

Name: sm1_xvid.bin
CPU: sm1
Format: xvid
Version: v0.1.dcbf5f2.If40babc
Author: shihong.zheng
Date: Thu Jun  6 20:31:37 2019
Size: 16384
RealSize: 12783 (000031EF)

Name: gxl_xvid.bin
CPU: gxl
Format: xvid
Version: v0.1.dcbf5f2.If40babc
Author: shihong.zheng
Date: Thu Jun  6 20:31:37 2019
Size: 16384
RealSize: 12783 (000031EF)

Name: tl1_xvid.bin
CPU: tl1
Format: xvid
Version: v0.1.dcbf5f2.If40babc
Author: shihong.zheng
Date: Thu Jun  6 20:31:37 2019
Size: 16384
RealSize: 12783 (000031EF)

Name: sm1_h263.bin
CPU: sm1
Format: h263
Version: v0.1.dcbf5f2.If40babc
Author: shihong.zheng
Date: Thu Jun  6 20:31:37 2019
Size: 12288
RealSize: 9524 (00002534)

Name: tl1_avs.bin
CPU: tl1
Format: avs
Version: v0.1.dcbf5f2.If40babc
Author: shihong.zheng
Date: Thu Jun  6 20:31:38 2019
Size: 12288
RealSize: 11675 (00002D9B)

Name: sm1_avs.bin
CPU: sm1
Format: avs
Version: v0.1.dcbf5f2.If40babc
Author: shihong.zheng
Date: Thu Jun  6 20:31:38 2019
Size: 12288
RealSize: 11715 (00002DC3)

Name: gxm_avs.bin
CPU: gxm
Format: avs
Version: v0.1.dcbf5f2.If40babc
Author: shihong.zheng
Date: Thu Jun  6 20:31:38 2019
Size: 12288
RealSize: 11675 (00002D9B)

Name: gxl_avs.bin
CPU: gxl
Format: avs
Version: v0.1.dcbf5f2.If40babc
Author: shihong.zheng
Date: Thu Jun  6 20:31:37 2019
Size: 16384
RealSize: 13259 (000033CB)

Name: gxl_avs_no_cabac.bin
CPU: gxl
Format: avs_no_cabac
Version: v0.1.dcbf5f2.If40babc
Author: shihong.zheng
Date: Thu Jun  6 20:31:38 2019
Size: 12288
RealSize: 11623 (00002D67)

Name: tm2_avs.bin
CPU: tm2
Format: avs
Version: v0.1.dcbf5f2.If40babc
Author: shihong.zheng
Date: Thu Jun  6 20:31:38 2019
Size: 12288
RealSize: 11715 (00002DC3)

Name: gxm_h264.bin
CPU: gxm
Format: h264
Version: v0.1.dcbf5f2.If40babc
Author: shihong.zheng
Date: Thu Jun  6 20:31:38 2019
Size: 28672
RealSize: 28072 (00006DA8)

Name: g12a_h264.bin
CPU: g12a
Format: h264
Version: v0.1.dcbf5f2.If40babc
Author: shihong.zheng
Date: Thu Jun  6 20:31:38 2019
Size: 28672
RealSize: 28072 (00006DA8)

Name: gxl_h264.bin
CPU: gxl
Format: h264
Version: v0.1.dcbf5f2.If40babc
Author: shihong.zheng
Date: Thu Jun  6 20:31:38 2019
Size: 28672
RealSize: 28072 (00006DA8)

Name: tm2_h264_mvc.bin
CPU: tm2
Format: h264_mvc
Version: v0.1.dcbf5f2.If40babc
Author: shihong.zheng
Date: Thu Jun  6 20:31:39 2019
Size: 28672
RealSize: 24895 (0000613F)

Name: sm1_h264_mvc.bin
CPU: sm1
Format: h264_mvc
Version: v0.1.dcbf5f2.If40babc
Author: shihong.zheng
Date: Thu Jun  6 20:31:39 2019
Size: 28672
RealSize: 24895 (0000613F)

Name: tl1_h264_mvc.bin
CPU: tl1
Format: h264_mvc
Version: v0.1.dcbf5f2.If40babc
Author: shihong.zheng
Date: Thu Jun  6 20:31:39 2019
Size: 28672
RealSize: 24895 (0000613F)

Name: gxm_h264_mvc.bin
CPU: gxm
Format: h264_mvc
Version: v0.1.dcbf5f2.If40babc
Author: shihong.zheng
Date: Thu Jun  6 20:31:38 2019
Size: 28672
RealSize: 24895 (0000613F)

Name: gxl_h264_mvc.bin
CPU: gxl
Format: h264_mvc
Version: v0.1.dcbf5f2.If40babc
Author: shihong.zheng
Date: Thu Jun  6 20:31:38 2019
Size: 28672
RealSize: 24895 (0000613F)

Name: sm1_hevc_mmu.bin
CPU: sm1
Format: hevc_mmu
Version: v0.1.dcbf5f2.If40babc
Author: shihong.zheng
Date: Thu Jun  6 20:31:39 2019
Size: 36864
RealSize: 16192 (00003F40)

Name: gxl_hevc_mmu.bin
CPU: gxl
Format: hevc_mmu
Version: v0.1.dcbf5f2.If40babc
Author: shihong.zheng
Date: Thu Jun  6 20:31:39 2019
Size: 36864
RealSize: 16368 (00003FF0)

Name: gxl_hevc.bin
CPU: gxl
Format: hevc
Version: v0.1.dcbf5f2.If40babc
Author: shihong.zheng
Date: Thu Jun  6 20:31:39 2019
Size: 36864
RealSize: 15964 (00003E5C)

Name: g12a_hevc.bin
CPU: g12a
Format: hevc
Version: v0.1.dcbf5f2.If40babc
Author: shihong.zheng
Date: Thu Jun  6 20:31:39 2019
Size: 36864
RealSize: 15888 (00003E10)

Name: tm2_hevc_mmu.bin
CPU: tm2
Format: hevc_mmu
Version: v0.1.dcbf5f2.If40babc
Author: shihong.zheng
Date: Thu Jun  6 20:31:39 2019
Size: 36864
RealSize: 16192 (00003F40)

Name: tl1_hevc_mmu.bin
CPU: tl1
Format: hevc_mmu
Version: v0.1.dcbf5f2.If40babc
Author: shihong.zheng
Date: Thu Jun  6 20:31:39 2019
Size: 36864
RealSize: 16192 (00003F40)

Name: g12a_hevc_mmu.bin
CPU: g12a
Format: hevc_mmu
Version: v0.1.dcbf5f2.If40babc
Author: shihong.zheng
Date: Thu Jun  6 20:31:39 2019
Size: 36864
RealSize: 16192 (00003F40)

Name: gxl_hevc_mmu_swap.bin
CPU: gxl
Format: hevc_mmu_swap
Version: v0.1.dcbf5f2.If40babc
Author: shihong.zheng
Date: Thu Jun  6 20:31:39 2019
Size: 40960
RealSize: 22984 (000059C8)

Name: gxl_vp9_mmu.bin
CPU: gxl
Format: vp9_mmu
Version: v0.1.dcbf5f2.If40babc
Author: shihong.zheng
Date: Thu Jun  6 20:31:39 2019
Size: 28672
RealSize: 9960 (000026E8)

Name: g12a_vp9_mmu.bin
CPU: g12a
Format: vp9_mmu
Version: v0.1.dcbf5f2.If40babc
Author: shihong.zheng
Date: Thu Jun  6 20:31:39 2019
Size: 28672
RealSize: 9800 (00002648)

Name: tm2_vp9_mmu.bin
CPU: tm2
Format: vp9_mmu
Version: v0.1.dcbf5f2.If40babc
Author: shihong.zheng
Date: Thu Jun  6 20:31:40 2019
Size: 28672
RealSize: 9780 (00002634)

Name: sm1_vp9_mmu.bin
CPU: sm1
Format: vp9_mmu
Version: v0.1.dcbf5f2.If40babc
Author: shihong.zheng
Date: Thu Jun  6 20:31:39 2019
Size: 28672
RealSize: 9792 (00002640)

Name: g12a_vp9.bin
CPU: g12a
Format: vp9
Version: v0.1.dcbf5f2.If40babc
Author: shihong.zheng
Date: Thu Jun  6 20:31:39 2019
Size: 28672
RealSize: 9800 (00002648)

Name: gxl_vp9.bin
CPU: gxl
Format: vp9
Version: v0.1.dcbf5f2.If40babc
Author: shihong.zheng
Date: Thu Jun  6 20:31:39 2019
Size: 28672
RealSize: 9900 (000026AC)

Name: tl1_vp9_mmu.bin
CPU: tl1
Format: vp9_mmu
Version: v0.1.dcbf5f2.If40babc
Author: shihong.zheng
Date: Thu Jun  6 20:31:39 2019
Size: 28672
RealSize: 9792 (00002640)

Name: sm1_mpeg12.bin
CPU: sm1
Format: mpeg12
Version: v0.1.dcbf5f2.If40babc
Author: shihong.zheng
Date: Thu Jun  6 20:31:40 2019
Size: 8192
RealSize: 7556 (00001D84)

Name: gxl_mpeg12.bin
CPU: gxl
Format: mpeg12
Version: v0.1.dcbf5f2.If40babc
Author: shihong.zheng
Date: Thu Jun  6 20:31:40 2019
Size: 8192
RealSize: 7436 (00001D0C)

Name: tm2_mpeg12.bin
CPU: tm2
Format: mpeg12
Version: v0.1.dcbf5f2.If40babc
Author: shihong.zheng
Date: Thu Jun  6 20:31:40 2019
Size: 8192
RealSize: 7556 (00001D84)

Name: tl1_mpeg12.bin
CPU: tl1
Format: mpeg12
Version: v0.1.dcbf5f2.If40babc
Author: shihong.zheng
Date: Thu Jun  6 20:31:40 2019
Size: 8192
RealSize: 7436 (00001D0C)

